   INFO: root.utils.print_file_level_classification_summary.FloatTrain: File-Level Classification Summary of FloatTrain:
 +----+------------------+-------------------------------------------------------------------+---------------+--------------------------+-----------------------------+-------------------------------+---------------------+
|    |    True Class    |                               File                                | Total Samples | Predicted as BladeDamage | Predicted as BladeImbalance | Predicted as BladeObstruction | Predicted as Normal |
+----+------------------+-------------------------------------------------------------------+---------------+--------------------------+-----------------------------+-------------------------------+---------------------+
| 0  |   BladeDamage    | 250305_motor_m0_label1_blade_imbalance_vibData_1741170883311.csv  |      71       |            0             |             71              |               0               |          0          |
| 1  |   BladeDamage    | 250305_motor_m0_label1_blade_imbalance_vibData_1741171017982.csv  |      71       |            0             |             71              |               0               |          0          |
| 2  |   BladeDamage    |  250306_motor_m0_label1_BladeImbalance_vibData_1741249859773.csv  |      55       |            0             |             55              |               0               |          0          |
| 3  |   BladeDamage    |   250306_motor_m0_label2_BladeDamage_vibData_1741250314863.csv    |      55       |            55            |              0              |               0               |          0          |
| 4  |   BladeDamage    |   250306_motor_m0_label2_BladeDamage_vibData_1741250320998.csv    |      55       |            55            |              0              |               0               |          0          |
| 5  |   BladeDamage    |   250306_motor_m0_label2_BladeDamage_vibData_1741250339420.csv    |      55       |            55            |              0              |               0               |          0          |
| 6  |   BladeDamage    |   250325_motor_m0_label1_BladeIDamage_vibData_1742889202686.csv   |      71       |            71            |              0              |               0               |          0          |
| 7  |   BladeDamage    |   250325_motor_m0_label1_BladeIDamage_vibData_1742889238380.csv   |      71       |            71            |              0              |               0               |          0          |
| 8  |   BladeDamage    |   250325_motor_m0_label1_BladeIDamage_vibData_1742889259809.csv   |      71       |            71            |              0              |               0               |          0          |
| 9  |   BladeDamage    |   250325_motor_m0_label1_BladeIDamage_vibData_1742889287795.csv   |      71       |            71            |              0              |               0               |          0          |
| 10 |   BladeDamage    |   250325_motor_m0_label1_BladeIDamage_vibData_1742889330533.csv   |      71       |            71            |              0              |               0               |          0          |
| 11 |   BladeDamage    |   250325_motor_m0_label1_BladeIDamage_vibData_1742889337715.csv   |      71       |            71            |              0              |               0               |          0          |
| 12 |   BladeDamage    |   250325_motor_m0_label1_BladeIDamage_vibData_1742889351986.csv   |      71       |            71            |              0              |               0               |          0          |
| 13 |   BladeDamage    |   250325_motor_m0_label1_BladeIDamage_vibData_1742889560312.csv   |      71       |            71            |              0              |               0               |          0          |
| 14 |   BladeDamage    |   250325_motor_m0_label1_BladeIDamage_vibData_1742889567449.csv   |      71       |            71            |              0              |               0               |          0          |
| 15 |   BladeDamage    |   250325_motor_m0_label1_BladeIDamage_vibData_1742889696509.csv   |      71       |            71            |              0              |               0               |          0          |
| 16 |   BladeDamage    |   250325_motor_m0_label1_BladeIDamage_vibData_1742889732626.csv   |      71       |            71            |              0              |               0               |          0          |
| 17 |   BladeDamage    |   250325_motor_m0_label1_BladeIDamage_vibData_1742889746887.csv   |      71       |            71            |              0              |               0               |          0          |
| 18 |   BladeDamage    |   250325_motor_m0_label1_BladeIDamage_vibData_1742889761172.csv   |      71       |            71            |              0              |               0               |          0          |
| 19 |   BladeDamage    |   250325_motor_m0_label1_BladeIDamage_vibData_1742889907890.csv   |      71       |            71            |              0              |               0               |          0          |
| 20 |   BladeDamage    |  250325_motor_m0_label2_BladeImbalance_vibData_1742888770303.csv  |      71       |            0             |             71              |               0               |          0          |
| 21 |   BladeDamage    |  250325_motor_m0_label2_BladeImbalance_vibData_1742888784609.csv  |      71       |            0             |             71              |               0               |          0          |
| 22 |  BladeImbalance  | 250305_motor_m0_label1_blade_imbalance_vibData_1741170840711.csv  |      71       |            0             |             71              |               0               |          0          |
| 23 |  BladeImbalance  | 250305_motor_m0_label1_blade_imbalance_vibData_1741170904572.csv  |      71       |            0             |             71              |               0               |          0          |
| 24 |  BladeImbalance  | 250305_motor_m0_label1_blade_imbalance_vibData_1741170925812.csv  |      71       |            0             |             71              |               0               |          0          |
| 25 |  BladeImbalance  | 250305_motor_m0_label1_blade_imbalance_vibData_1741170932895.csv  |      71       |            0             |             71              |               0               |          0          |
| 26 |  BladeImbalance  | 250305_motor_m0_label1_blade_imbalance_vibData_1741170996752.csv  |      71       |            0             |             71              |               0               |          0          |
| 27 |  BladeImbalance  | 250305_motor_m0_label1_blade_imbalance_vibData_1741171039215.csv  |      71       |            0             |             71              |               0               |          0          |
| 28 |  BladeImbalance  | 250305_motor_m0_label1_blade_imbalance_vibData_1741171046288.csv  |      71       |            0             |             71              |               0               |          0          |
| 29 |  BladeImbalance  |  250306_motor_m0_label1_BladeImbalance_vibData_1741249884360.csv  |      55       |            0             |             55              |               0               |          0          |
| 30 |  BladeImbalance  |  250306_motor_m0_label1_BladeImbalance_vibData_1741249890533.csv  |      55       |            0             |             55              |               0               |          0          |
| 31 |  BladeImbalance  |  250306_motor_m0_label1_BladeImbalance_vibData_1741249896643.csv  |      55       |            0             |             55              |               0               |          0          |
| 32 |  BladeImbalance  |  250325_motor_m0_label2_BladeImbalance_vibData_1742888615248.csv  |      71       |            0             |             71              |               0               |          0          |
| 33 |  BladeImbalance  |  250325_motor_m0_label2_BladeImbalance_vibData_1742888654122.csv  |      71       |            0             |             71              |               0               |          0          |
| 34 |  BladeImbalance  |  250325_motor_m0_label2_BladeImbalance_vibData_1742888661258.csv  |      71       |            0             |             71              |               0               |          0          |
| 35 |  BladeImbalance  |  250325_motor_m0_label2_BladeImbalance_vibData_1742888708185.csv  |      71       |            0             |             71              |               0               |          0          |
| 36 |  BladeImbalance  |  250325_motor_m0_label2_BladeImbalance_vibData_1742888876009.csv  |      71       |            0             |             71              |               0               |          0          |
| 37 |  BladeImbalance  |  250325_motor_m0_label2_BladeImbalance_vibData_1742888964455.csv  |      71       |            0             |             71              |               0               |          0          |
| 38 |  BladeImbalance  |  250325_motor_m0_label2_BladeImbalance_vibData_1742890717834.csv  |      71       |            0             |             71              |               0               |          0          |
| 39 |  BladeImbalance  |  250325_motor_m0_label2_BladeImbalance_vibData_1742890760780.csv  |      71       |            0             |             71              |               0               |          0          |
| 40 |  BladeImbalance  |  250325_motor_m0_label2_BladeImbalance_vibData_1742890775116.csv  |      71       |            0             |             71              |               0               |          0          |
| 41 | BladeObstruction | 250306_motor_m0_label3_BladeObstruction_vibData_1741250612393.csv |      55       |            0             |              0              |              55               |          0          |
| 42 | BladeObstruction | 250306_motor_m0_label3_BladeObstruction_vibData_1741250636939.csv |      55       |            0             |              0              |              55               |          0          |
| 43 | BladeObstruction | 250325_motor_m0_label3_BladeObstruction_vibData_1742888027135.csv |      71       |            0             |              0              |              71               |          0          |
| 44 | BladeObstruction | 250325_motor_m0_label3_BladeObstruction_vibData_1742888041425.csv |      71       |            0             |              0              |              71               |          0          |
| 45 | BladeObstruction | 250325_motor_m0_label3_BladeObstruction_vibData_1742888055693.csv |      71       |            0             |              0              |              71               |          0          |
| 46 | BladeObstruction | 250325_motor_m0_label3_BladeObstruction_vibData_1742888069897.csv |      71       |            0             |              0              |              71               |          0          |
| 47 | BladeObstruction | 250325_motor_m0_label3_BladeObstruction_vibData_1742888084138.csv |      71       |            0             |              0              |              71               |          0          |
| 48 | BladeObstruction | 250325_motor_m0_label3_BladeObstruction_vibData_1742888200835.csv |      71       |            0             |              0              |              71               |          0          |
| 49 | BladeObstruction | 250325_motor_m0_label3_BladeObstruction_vibData_1742888235154.csv |      71       |            0             |              0              |              71               |          0          |
| 50 | BladeObstruction | 250325_motor_m0_label3_BladeObstruction_vibData_1742888288288.csv |      71       |            0             |              0              |              71               |          0          |
| 51 | BladeObstruction | 250325_motor_m0_label3_BladeObstruction_vibData_1742888295504.csv |      71       |            0             |              0              |              71               |          0          |
| 52 | BladeObstruction | 250325_motor_m0_label3_BladeObstruction_vibData_1742888316874.csv |      71       |            0             |              0              |              71               |          0          |
| 53 | BladeObstruction | 250325_motor_m0_label3_BladeObstruction_vibData_1742888342316.csv |      71       |            0             |              0              |              71               |          0          |
| 54 | BladeObstruction | 250325_motor_m0_label3_BladeObstruction_vibData_1742888363721.csv |      71       |            0             |              0              |              71               |          0          |
| 55 |      Normal      |      250305_motor_m0_label0_normal_vibData_1741169982255.csv      |      71       |            0             |              0              |               0               |         71          |
| 56 |      Normal      |      250305_motor_m0_label0_normal_vibData_1741169989360.csv      |      71       |            0             |              0              |               0               |         71          |
| 57 |      Normal      |      250305_motor_m0_label0_normal_vibData_1741170003517.csv      |      71       |            0             |              0              |               0               |         71          |
| 58 |      Normal      |      250305_motor_m0_label0_normal_vibData_1741170038966.csv      |      71       |            0             |              0              |               0               |         71          |
| 59 |      Normal      |      250305_motor_m0_label0_normal_vibData_1741170074422.csv      |      71       |            0             |              0              |               0               |         71          |
| 60 |      Normal      |      250305_motor_m0_label0_normal_vibData_1741170081528.csv      |      71       |            0             |              0              |               0               |         71          |
| 61 |      Normal      |      250305_motor_m0_label0_normal_vibData_1741170088583.csv      |      71       |            0             |              0              |               0               |         71          |
| 62 |      Normal      |      250305_motor_m0_label0_normal_vibData_1741170152257.csv      |      71       |            0             |              0              |               0               |         71          |
| 63 |      Normal      |      250305_motor_m0_label0_normal_vibData_1741170166398.csv      |      71       |            0             |              0              |               0               |         71          |
| 64 |      Normal      |      250305_motor_m0_label0_normal_vibData_1741170173507.csv      |      71       |            0             |              0              |               0               |         71          |
| 65 |      Normal      |      250305_motor_m0_label0_normal_vibData_1741170180577.csv      |      71       |            0             |              0              |               0               |         71          |
| 66 |      Normal      |      250305_motor_m0_label0_normal_vibData_1741170201832.csv      |      71       |            0             |              0              |               0               |         71          |
| 67 |      Normal      |      250305_motor_m0_label0_normal_vibData_1741170208902.csv      |      71       |            0             |              0              |               0               |         71          |
| 68 |      Normal      |      250305_motor_m0_label0_normal_vibData_1741170215990.csv      |      71       |            0             |              0              |               0               |         71          |
| 69 |      Normal      |      250305_motor_m0_label0_normal_vibData_1741170223072.csv      |      71       |            0             |              0              |               0               |         71          |
| 70 |      Normal      |      250305_motor_m0_label0_normal_vibData_1741170237259.csv      |      71       |            0             |              0              |               0               |         71          |
| 71 |      Normal      |      250305_motor_m0_label0_normal_vibData_1741170251498.csv      |      71       |            0             |              0              |               0               |         71          |
| 72 |      Normal      |      250305_motor_m0_label0_normal_vibData_1741170279822.csv      |      71       |            0             |              0              |               0               |         71          |
| 73 |      Normal      |      250306_motor_m0_label0_Normal_vibData_1741250002484.csv      |      55       |            0             |              0              |               0               |         55          |
| 74 |      Normal      |      250325_motor_m0_label0_Normal_vibData_1742890188815.csv      |      71       |            0             |              0              |               0               |         71          |
| 75 |      Normal      |      250325_motor_m0_label0_Normal_vibData_1742890224509.csv      |      71       |            0             |              0              |               0               |         71          |
| 76 |      Normal      |      250325_motor_m0_label0_Normal_vibData_1742890331967.csv      |      71       |            0             |              0              |               0               |         71          |
| 77 |      Normal      |      250325_motor_m0_label0_Normal_vibData_1742890353435.csv      |      71       |            0             |              0              |               0               |         71          |
| 78 |      Normal      |      250325_motor_m0_label0_Normal_vibData_1742890367696.csv      |      71       |            0             |              0              |               0               |         71          |
| 79 |      Normal      |      250325_motor_m0_label0_Normal_vibData_1742890422588.csv      |      71       |            0             |              0              |               0               |         71          |
| 80 |      Normal      |      250325_motor_m0_label0_Normal_vibData_1742890451135.csv      |      71       |            0             |              0              |               0               |         71          |
| 81 |      Normal      |      250325_motor_m0_label0_Normal_vibData_1742890458234.csv      |      71       |            0             |              0              |               0               |         71          |
| 82 |      Normal      |      250325_motor_m0_label0_Normal_vibData_1742890465410.csv      |      71       |            0             |              0              |               0               |         71          |
| 83 |      Normal      |      250325_motor_m0_label0_Normal_vibData_1742890588652.csv      |      71       |            0             |              0              |               0               |         71          |
| 84 |      Normal      |      250325_motor_m0_label0_Normal_vibData_1742890610097.csv      |      71       |            0             |              0              |               0               |         71          |
+----+------------------+-------------------------------------------------------------------+---------------+--------------------------+-----------------------------+-------------------------------+---------------------+
   INFO: root.utils.print_file_level_classification_summary.QuantTrain: File-Level Classification Summary of QuantTrain:
 +----+------------------+-------------------------------------------------------------------+---------------+--------------------------+-----------------------------+-------------------------------+---------------------+
|    |    True Class    |                               File                                | Total Samples | Predicted as BladeDamage | Predicted as BladeImbalance | Predicted as BladeObstruction | Predicted as Normal |
+----+------------------+-------------------------------------------------------------------+---------------+--------------------------+-----------------------------+-------------------------------+---------------------+
| 0  |   BladeDamage    | 250305_motor_m0_label1_blade_imbalance_vibData_1741170883311.csv  |      71       |            0             |             71              |               0               |          0          |
| 1  |   BladeDamage    | 250305_motor_m0_label1_blade_imbalance_vibData_1741171017982.csv  |      71       |            0             |             71              |               0               |          0          |
| 2  |   BladeDamage    |  250306_motor_m0_label1_BladeImbalance_vibData_1741249859773.csv  |      55       |            0             |             55              |               0               |          0          |
| 3  |   BladeDamage    |   250306_motor_m0_label2_BladeDamage_vibData_1741250314863.csv    |      55       |            55            |              0              |               0               |          0          |
| 4  |   BladeDamage    |   250306_motor_m0_label2_BladeDamage_vibData_1741250320998.csv    |      55       |            55            |              0              |               0               |          0          |
| 5  |   BladeDamage    |   250306_motor_m0_label2_BladeDamage_vibData_1741250339420.csv    |      55       |            55            |              0              |               0               |          0          |
| 6  |   BladeDamage    |   250325_motor_m0_label1_BladeIDamage_vibData_1742889202686.csv   |      71       |            71            |              0              |               0               |          0          |
| 7  |   BladeDamage    |   250325_motor_m0_label1_BladeIDamage_vibData_1742889238380.csv   |      71       |            71            |              0              |               0               |          0          |
| 8  |   BladeDamage    |   250325_motor_m0_label1_BladeIDamage_vibData_1742889259809.csv   |      71       |            71            |              0              |               0               |          0          |
| 9  |   BladeDamage    |   250325_motor_m0_label1_BladeIDamage_vibData_1742889287795.csv   |      71       |            71            |              0              |               0               |          0          |
| 10 |   BladeDamage    |   250325_motor_m0_label1_BladeIDamage_vibData_1742889330533.csv   |      71       |            71            |              0              |               0               |          0          |
| 11 |   BladeDamage    |   250325_motor_m0_label1_BladeIDamage_vibData_1742889337715.csv   |      71       |            71            |              0              |               0               |          0          |
| 12 |   BladeDamage    |   250325_motor_m0_label1_BladeIDamage_vibData_1742889351986.csv   |      71       |            71            |              0              |               0               |          0          |
| 13 |   BladeDamage    |   250325_motor_m0_label1_BladeIDamage_vibData_1742889560312.csv   |      71       |            71            |              0              |               0               |          0          |
| 14 |   BladeDamage    |   250325_motor_m0_label1_BladeIDamage_vibData_1742889567449.csv   |      71       |            71            |              0              |               0               |          0          |
| 15 |   BladeDamage    |   250325_motor_m0_label1_BladeIDamage_vibData_1742889696509.csv   |      71       |            71            |              0              |               0               |          0          |
| 16 |   BladeDamage    |   250325_motor_m0_label1_BladeIDamage_vibData_1742889732626.csv   |      71       |            71            |              0              |               0               |          0          |
| 17 |   BladeDamage    |   250325_motor_m0_label1_BladeIDamage_vibData_1742889746887.csv   |      71       |            71            |              0              |               0               |          0          |
| 18 |   BladeDamage    |   250325_motor_m0_label1_BladeIDamage_vibData_1742889761172.csv   |      71       |            71            |              0              |               0               |          0          |
| 19 |   BladeDamage    |   250325_motor_m0_label1_BladeIDamage_vibData_1742889907890.csv   |      71       |            71            |              0              |               0               |          0          |
| 20 |   BladeDamage    |  250325_motor_m0_label2_BladeImbalance_vibData_1742888770303.csv  |      71       |            0             |             71              |               0               |          0          |
| 21 |   BladeDamage    |  250325_motor_m0_label2_BladeImbalance_vibData_1742888784609.csv  |      71       |            0             |             71              |               0               |          0          |
| 22 |  BladeImbalance  | 250305_motor_m0_label1_blade_imbalance_vibData_1741170840711.csv  |      71       |            0             |             71              |               0               |          0          |
| 23 |  BladeImbalance  | 250305_motor_m0_label1_blade_imbalance_vibData_1741170904572.csv  |      71       |            0             |             71              |               0               |          0          |
| 24 |  BladeImbalance  | 250305_motor_m0_label1_blade_imbalance_vibData_1741170925812.csv  |      71       |            0             |             71              |               0               |          0          |
| 25 |  BladeImbalance  | 250305_motor_m0_label1_blade_imbalance_vibData_1741170932895.csv  |      71       |            0             |             71              |               0               |          0          |
| 26 |  BladeImbalance  | 250305_motor_m0_label1_blade_imbalance_vibData_1741170996752.csv  |      71       |            0             |             71              |               0               |          0          |
| 27 |  BladeImbalance  | 250305_motor_m0_label1_blade_imbalance_vibData_1741171039215.csv  |      71       |            0             |             71              |               0               |          0          |
| 28 |  BladeImbalance  | 250305_motor_m0_label1_blade_imbalance_vibData_1741171046288.csv  |      71       |            0             |             71              |               0               |          0          |
| 29 |  BladeImbalance  |  250306_motor_m0_label1_BladeImbalance_vibData_1741249884360.csv  |      55       |            0             |             55              |               0               |          0          |
| 30 |  BladeImbalance  |  250306_motor_m0_label1_BladeImbalance_vibData_1741249890533.csv  |      55       |            0             |             55              |               0               |          0          |
| 31 |  BladeImbalance  |  250306_motor_m0_label1_BladeImbalance_vibData_1741249896643.csv  |      55       |            0             |             55              |               0               |          0          |
| 32 |  BladeImbalance  |  250325_motor_m0_label2_BladeImbalance_vibData_1742888615248.csv  |      71       |            0             |             71              |               0               |          0          |
| 33 |  BladeImbalance  |  250325_motor_m0_label2_BladeImbalance_vibData_1742888654122.csv  |      71       |            0             |             71              |               0               |          0          |
| 34 |  BladeImbalance  |  250325_motor_m0_label2_BladeImbalance_vibData_1742888661258.csv  |      71       |            0             |             71              |               0               |          0          |
| 35 |  BladeImbalance  |  250325_motor_m0_label2_BladeImbalance_vibData_1742888708185.csv  |      71       |            0             |             71              |               0               |          0          |
| 36 |  BladeImbalance  |  250325_motor_m0_label2_BladeImbalance_vibData_1742888876009.csv  |      71       |            0             |             71              |               0               |          0          |
| 37 |  BladeImbalance  |  250325_motor_m0_label2_BladeImbalance_vibData_1742888964455.csv  |      71       |            0             |             71              |               0               |          0          |
| 38 |  BladeImbalance  |  250325_motor_m0_label2_BladeImbalance_vibData_1742890717834.csv  |      71       |            0             |             71              |               0               |          0          |
| 39 |  BladeImbalance  |  250325_motor_m0_label2_BladeImbalance_vibData_1742890760780.csv  |      71       |            0             |             71              |               0               |          0          |
| 40 |  BladeImbalance  |  250325_motor_m0_label2_BladeImbalance_vibData_1742890775116.csv  |      71       |            0             |             71              |               0               |          0          |
| 41 | BladeObstruction | 250306_motor_m0_label3_BladeObstruction_vibData_1741250612393.csv |      55       |            0             |              0              |              55               |          0          |
| 42 | BladeObstruction | 250306_motor_m0_label3_BladeObstruction_vibData_1741250636939.csv |      55       |            0             |              0              |              55               |          0          |
| 43 | BladeObstruction | 250325_motor_m0_label3_BladeObstruction_vibData_1742888027135.csv |      71       |            0             |              0              |              71               |          0          |
| 44 | BladeObstruction | 250325_motor_m0_label3_BladeObstruction_vibData_1742888041425.csv |      71       |            0             |              0              |              71               |          0          |
| 45 | BladeObstruction | 250325_motor_m0_label3_BladeObstruction_vibData_1742888055693.csv |      71       |            0             |              0              |              71               |          0          |
| 46 | BladeObstruction | 250325_motor_m0_label3_BladeObstruction_vibData_1742888069897.csv |      71       |            0             |              0              |              71               |          0          |
| 47 | BladeObstruction | 250325_motor_m0_label3_BladeObstruction_vibData_1742888084138.csv |      71       |            0             |              0              |              71               |          0          |
| 48 | BladeObstruction | 250325_motor_m0_label3_BladeObstruction_vibData_1742888200835.csv |      71       |            0             |              0              |              71               |          0          |
| 49 | BladeObstruction | 250325_motor_m0_label3_BladeObstruction_vibData_1742888235154.csv |      71       |            0             |              0              |              71               |          0          |
| 50 | BladeObstruction | 250325_motor_m0_label3_BladeObstruction_vibData_1742888288288.csv |      71       |            0             |              0              |              71               |          0          |
| 51 | BladeObstruction | 250325_motor_m0_label3_BladeObstruction_vibData_1742888295504.csv |      71       |            0             |              0              |              71               |          0          |
| 52 | BladeObstruction | 250325_motor_m0_label3_BladeObstruction_vibData_1742888316874.csv |      71       |            0             |              0              |              71               |          0          |
| 53 | BladeObstruction | 250325_motor_m0_label3_BladeObstruction_vibData_1742888342316.csv |      71       |            0             |              0              |              71               |          0          |
| 54 | BladeObstruction | 250325_motor_m0_label3_BladeObstruction_vibData_1742888363721.csv |      71       |            0             |              0              |              71               |          0          |
| 55 |      Normal      |      250305_motor_m0_label0_normal_vibData_1741169982255.csv      |      71       |            0             |              0              |               0               |         71          |
| 56 |      Normal      |      250305_motor_m0_label0_normal_vibData_1741169989360.csv      |      71       |            0             |              0              |               0               |         71          |
| 57 |      Normal      |      250305_motor_m0_label0_normal_vibData_1741170003517.csv      |      71       |            0             |              0              |               0               |         71          |
| 58 |      Normal      |      250305_motor_m0_label0_normal_vibData_1741170038966.csv      |      71       |            0             |              0              |               0               |         71          |
| 59 |      Normal      |      250305_motor_m0_label0_normal_vibData_1741170074422.csv      |      71       |            0             |              0              |               0               |         71          |
| 60 |      Normal      |      250305_motor_m0_label0_normal_vibData_1741170081528.csv      |      71       |            0             |              0              |               0               |         71          |
| 61 |      Normal      |      250305_motor_m0_label0_normal_vibData_1741170088583.csv      |      71       |            0             |              0              |               0               |         71          |
| 62 |      Normal      |      250305_motor_m0_label0_normal_vibData_1741170152257.csv      |      71       |            0             |              0              |               0               |         71          |
| 63 |      Normal      |      250305_motor_m0_label0_normal_vibData_1741170166398.csv      |      71       |            0             |              0              |               0               |         71          |
| 64 |      Normal      |      250305_motor_m0_label0_normal_vibData_1741170173507.csv      |      71       |            0             |              0              |               0               |         71          |
| 65 |      Normal      |      250305_motor_m0_label0_normal_vibData_1741170180577.csv      |      71       |            0             |              0              |               0               |         71          |
| 66 |      Normal      |      250305_motor_m0_label0_normal_vibData_1741170201832.csv      |      71       |            0             |              0              |               0               |         71          |
| 67 |      Normal      |      250305_motor_m0_label0_normal_vibData_1741170208902.csv      |      71       |            0             |              0              |               0               |         71          |
| 68 |      Normal      |      250305_motor_m0_label0_normal_vibData_1741170215990.csv      |      71       |            0             |              0              |               0               |         71          |
| 69 |      Normal      |      250305_motor_m0_label0_normal_vibData_1741170223072.csv      |      71       |            0             |              0              |               0               |         71          |
| 70 |      Normal      |      250305_motor_m0_label0_normal_vibData_1741170237259.csv      |      71       |            0             |              0              |               0               |         71          |
| 71 |      Normal      |      250305_motor_m0_label0_normal_vibData_1741170251498.csv      |      71       |            0             |              0              |               0               |         71          |
| 72 |      Normal      |      250305_motor_m0_label0_normal_vibData_1741170279822.csv      |      71       |            0             |              0              |               0               |         71          |
| 73 |      Normal      |      250306_motor_m0_label0_Normal_vibData_1741250002484.csv      |      55       |            0             |              0              |               0               |         55          |
| 74 |      Normal      |      250325_motor_m0_label0_Normal_vibData_1742890188815.csv      |      71       |            0             |              0              |               0               |         71          |
| 75 |      Normal      |      250325_motor_m0_label0_Normal_vibData_1742890224509.csv      |      71       |            0             |              0              |               0               |         71          |
| 76 |      Normal      |      250325_motor_m0_label0_Normal_vibData_1742890331967.csv      |      71       |            0             |              0              |               0               |         71          |
| 77 |      Normal      |      250325_motor_m0_label0_Normal_vibData_1742890353435.csv      |      71       |            0             |              0              |               0               |         71          |
| 78 |      Normal      |      250325_motor_m0_label0_Normal_vibData_1742890367696.csv      |      71       |            0             |              0              |               0               |         71          |
| 79 |      Normal      |      250325_motor_m0_label0_Normal_vibData_1742890422588.csv      |      71       |            0             |              0              |               0               |         71          |
| 80 |      Normal      |      250325_motor_m0_label0_Normal_vibData_1742890451135.csv      |      71       |            0             |              0              |               0               |         71          |
| 81 |      Normal      |      250325_motor_m0_label0_Normal_vibData_1742890458234.csv      |      71       |            0             |              0              |               0               |         71          |
| 82 |      Normal      |      250325_motor_m0_label0_Normal_vibData_1742890465410.csv      |      71       |            0             |              0              |               0               |         71          |
| 83 |      Normal      |      250325_motor_m0_label0_Normal_vibData_1742890588652.csv      |      71       |            0             |              0              |               0               |         71          |
| 84 |      Normal      |      250325_motor_m0_label0_Normal_vibData_1742890610097.csv      |      71       |            0             |              0              |               0               |         71          |
+----+------------------+-------------------------------------------------------------------+---------------+--------------------------+-----------------------------+-------------------------------+---------------------+
   INFO: root.utils.print_file_level_classification_summary.TestData: File-Level Classification Summary of TestData:
 +----+------------------+-------------------------------------------------------------------+---------------+--------------------------+-----------------------------+-------------------------------+---------------------+
|    |    True Class    |                               File                                | Total Samples | Predicted as BladeDamage | Predicted as BladeImbalance | Predicted as BladeObstruction | Predicted as Normal |
+----+------------------+-------------------------------------------------------------------+---------------+--------------------------+-----------------------------+-------------------------------+---------------------+
| 0  |   BladeDamage    |   250306_motor_m0_label2_BladeDamage_vibData_1741250302596.csv    |      55       |            55            |              0              |               0               |          0          |
| 1  |   BladeDamage    |   250325_motor_m0_label1_BladeIDamage_vibData_1742889195584.csv   |      71       |            71            |              0              |               0               |          0          |
| 2  |   BladeDamage    |   250325_motor_m0_label1_BladeIDamage_vibData_1742889245532.csv   |      71       |            71            |              0              |               0               |          0          |
| 3  |   BladeDamage    |   250325_motor_m0_label1_BladeIDamage_vibData_1742889309179.csv   |      71       |            71            |              0              |               0               |          0          |
| 4  |   BladeDamage    |   250325_motor_m0_label1_BladeIDamage_vibData_1742889574606.csv   |      71       |            71            |              0              |               0               |          0          |
| 5  |   BladeDamage    |   250325_motor_m0_label1_BladeIDamage_vibData_1742889718370.csv   |      71       |            71            |              0              |               0               |          0          |
| 6  |   BladeDamage    |   250325_motor_m0_label1_BladeIDamage_vibData_1742889957818.csv   |      71       |            71            |              0              |               0               |          0          |
| 7  |   BladeDamage    |  250325_motor_m0_label2_BladeImbalance_vibData_1742890739315.csv  |      71       |            0             |             71              |               0               |          0          |
| 8  |   BladeDamage    |  250325_motor_m0_label2_BladeImbalance_vibData_1742890782280.csv  |      71       |            0             |             71              |               0               |          0          |
| 9  |  BladeImbalance  | 250305_motor_m0_label1_blade_imbalance_vibData_1741170876173.csv  |      71       |            0             |             71              |               0               |          0          |
| 10 |  BladeImbalance  | 250305_motor_m0_label1_blade_imbalance_vibData_1741170982512.csv  |      71       |            0             |             71              |               0               |          0          |
| 11 |  BladeImbalance  | 250305_motor_m0_label1_blade_imbalance_vibData_1741171025047.csv  |      71       |            0             |             71              |               0               |          0          |
| 12 |  BladeImbalance  |  250325_motor_m0_label2_BladeImbalance_vibData_1742888639836.csv  |      71       |            0             |             71              |               0               |          0          |
| 13 |  BladeImbalance  |  250325_motor_m0_label2_BladeImbalance_vibData_1742888957308.csv  |      71       |            0             |             71              |               0               |          0          |
| 14 |  BladeImbalance  |  250325_motor_m0_label2_BladeImbalance_vibData_1742888971564.csv  |      71       |            0             |             71              |               0               |          0          |
| 15 | BladeObstruction | 250306_motor_m0_label3_BladeObstruction_vibData_1741250649223.csv |      55       |            0             |              0              |              55               |          0          |
| 16 | BladeObstruction | 250306_motor_m0_label3_BladeObstruction_vibData_1741250661553.csv |      55       |            0             |              0              |              55               |          0          |
| 17 | BladeObstruction | 250306_motor_m0_label3_BladeObstruction_vibData_1741250667674.csv |      55       |            0             |              0              |              55               |          0          |
| 18 | BladeObstruction | 250325_motor_m0_label3_BladeObstruction_vibData_1742888048540.csv |      71       |            0             |              0              |              71               |          0          |
| 19 | BladeObstruction | 250325_motor_m0_label3_BladeObstruction_vibData_1742888263662.csv |      71       |            0             |              0              |              71               |          0          |
| 20 | BladeObstruction | 250325_motor_m0_label3_BladeObstruction_vibData_1742888416962.csv |      71       |            0             |              0              |              71               |          0          |
| 21 |      Normal      |      250305_motor_m0_label0_normal_vibData_1741169953889.csv      |      71       |            0             |              0              |               0               |         71          |
| 22 |      Normal      |      250305_motor_m0_label0_normal_vibData_1741169975124.csv      |      71       |            0             |              0              |               0               |         71          |
| 23 |      Normal      |      250305_motor_m0_label0_normal_vibData_1741170187659.csv      |      71       |            0             |              0              |               0               |         71          |
| 24 |      Normal      |      250305_motor_m0_label0_normal_vibData_1741170194759.csv      |      71       |            0             |              0              |               0               |         71          |
| 25 |      Normal      |      250305_motor_m0_label0_normal_vibData_1741170265657.csv      |      71       |            0             |              0              |               0               |         71          |
| 26 |      Normal      |      250306_motor_m0_label0_Normal_vibData_1741250033061.csv      |      55       |            0             |              0              |               0               |         55          |
| 27 |      Normal      |      250325_motor_m0_label0_Normal_vibData_1742890174486.csv      |      71       |            0             |              0              |               0               |         71          |
| 28 |      Normal      |      250325_motor_m0_label0_Normal_vibData_1742890181641.csv      |      71       |            0             |              0              |               0               |         71          |
| 29 |      Normal      |      250325_motor_m0_label0_Normal_vibData_1742890310497.csv      |      71       |            0             |              0              |               0               |         71          |
| 30 |      Normal      |      250325_motor_m0_label0_Normal_vibData_1742890339115.csv      |      71       |            0             |              0              |               0               |         71          |
+----+------------------+-------------------------------------------------------------------+---------------+--------------------------+-----------------------------+-------------------------------+---------------------+
